e:\vc++\code\test\serial\serial\debug\serial.pch
e:\vc++\code\test\serial\serial\debug\vc140.pdb
e:\vc++\code\test\serial\serial\debug\vc140.idb
e:\vc++\code\test\serial\serial\debug\stdafx.obj
e:\vc++\code\test\serial\serial\debug\basecom.obj
e:\vc++\code\test\serial\serial\debug\basecommanage.obj
e:\vc++\code\test\serial\serial\debug\commanage.obj
e:\vc++\code\test\serial\serial\debug\constant.obj
e:\vc++\code\test\serial\serial\debug\delegatecommanage.obj
e:\vc++\code\test\serial\serial\debug\handlecode.obj
e:\vc++\code\test\serial\serial\debug\mscomm1.obj
e:\vc++\code\test\serial\serial\debug\serial.obj
e:\vc++\code\test\serial\serial\debug\serialdlg.obj
e:\vc++\code\test\serial\serial\debug\xcom.obj
e:\vc++\code\test\serial\debug\serial.ilk
e:\vc++\code\test\serial\debug\serial.exe
e:\vc++\code\test\serial\debug\serial.pdb
e:\vc++\code\test\serial\serial\debug\serial.res
e:\vc++\code\test\serial\serial\debug\serial.tlog\cl.command.1.tlog
e:\vc++\code\test\serial\serial\debug\serial.tlog\cl.read.1.tlog
e:\vc++\code\test\serial\serial\debug\serial.tlog\cl.write.1.tlog
e:\vc++\code\test\serial\serial\debug\serial.tlog\link.command.1.tlog
e:\vc++\code\test\serial\serial\debug\serial.tlog\link.read.1.tlog
e:\vc++\code\test\serial\serial\debug\serial.tlog\link.write.1.tlog
e:\vc++\code\test\serial\serial\debug\serial.tlog\rc.command.1.tlog
e:\vc++\code\test\serial\serial\debug\serial.tlog\rc.read.1.tlog
e:\vc++\code\test\serial\serial\debug\serial.tlog\rc.write.1.tlog
